[27Jul2025 11:43:58.837] [main/INFO] [cpw.mods.modlauncher.Launcher/MODLAUNCHER]: ModLauncher running: args [--username, AnalDestroyer, --version, 1.20.1, --gameDir, C:/Users/Леис/AppData/Roaming/PrismLauncher/instances/MineCivModpack/minecraft, --assetsDir, C:/Users/Леис/AppData/Roaming/PrismLauncher/assets, --assetIndex, 5, --uuid, 855f5815e548367798d125060d2f1312, --accessToken, ????????, --userType, offline, --versionType, release, --launchTarget, forgeclient, --fml.forgeVersion, 47.4.4, --fml.mcVersion, 1.20.1, --fml.forgeGroup, net.minecraftforge, --fml.mcpVersion, 20230612.114412, --width, 854, --height, 480]
[27Jul2025 11:43:58.851] [main/INFO] [cpw.mods.modlauncher.Launcher/MODLAUNCHER]: ModLauncher 10.0.9+10.0.9+main.dcd20f30 starting: java version 17.0.15 by Microsoft; OS Windows 10 arch amd64 version 10.0
[27Jul2025 11:44:00.032] [main/INFO] [net.minecraftforge.fml.loading.ImmediateWindowHandler/]: Loading ImmediateWindowProvider fmlearlywindow
[27Jul2025 11:44:00.223] [main/INFO] [EARLYDISPLAY/]: Trying GL version 4.6
[27Jul2025 11:44:01.080] [main/INFO] [EARLYDISPLAY/]: Requested GL version 4.6 got version 4.6
[27Jul2025 11:44:01.127] [main/INFO] [mixin-transmog/]: Mixin Transmogrifier is definitely up to no good...
[27Jul2025 11:44:01.177] [main/INFO] [mixin-transmog/]: crimes against java were committed
[27Jul2025 11:44:01.220] [main/INFO] [mixin-transmog/]: Original mixin transformation service successfully crobbed by mixin-transmogrifier!
[27Jul2025 11:44:01.308] [main/INFO] [mixin/]: SpongePowered MIXIN Subsystem Version=0.8.5 Source=union:/C:/Users/Леис/AppData/Roaming/PrismLauncher/instances/MineCivModpack/minecraft/mods/Connector-1.0.0-beta.46+1.20.1.jar%23181%23184!/ Service=ModLauncher Env=CLIENT
[27Jul2025 11:44:01.326] [pool-2-thread-1/INFO] [EARLYDISPLAY/]: GL info: NVIDIA GeForce GTX 1650/PCIe/SSE2 GL version 4.6.0 NVIDIA 577.00, NVIDIA Corporation
[27Jul2025 11:44:02.112] [main/WARN] [net.minecraftforge.fml.loading.moddiscovery.ModFileParser/LOADING]: Mod file C:\Users\Леис\AppData\Roaming\PrismLauncher\libraries\net\minecraftforge\fmlcore\1.20.1-47.4.4\fmlcore-1.20.1-47.4.4.jar is missing mods.toml file
[27Jul2025 11:44:02.121] [main/WARN] [net.minecraftforge.fml.loading.moddiscovery.ModFileParser/LOADING]: Mod file C:\Users\Леис\AppData\Roaming\PrismLauncher\libraries\net\minecraftforge\javafmllanguage\1.20.1-47.4.4\javafmllanguage-1.20.1-47.4.4.jar is missing mods.toml file
[27Jul2025 11:44:02.127] [main/WARN] [net.minecraftforge.fml.loading.moddiscovery.ModFileParser/LOADING]: Mod file C:\Users\Леис\AppData\Roaming\PrismLauncher\libraries\net\minecraftforge\lowcodelanguage\1.20.1-47.4.4\lowcodelanguage-1.20.1-47.4.4.jar is missing mods.toml file
[27Jul2025 11:44:02.132] [main/WARN] [net.minecraftforge.fml.loading.moddiscovery.ModFileParser/LOADING]: Mod file C:\Users\Леис\AppData\Roaming\PrismLauncher\libraries\net\minecraftforge\mclanguage\1.20.1-47.4.4\mclanguage-1.20.1-47.4.4.jar is missing mods.toml file
[27Jul2025 11:44:02.903] [main/INFO] [net.minecraftforge.fml.loading.moddiscovery.JarInJarDependencyLocator/]: Found 50 dependencies adding them to mods collection
[27Jul2025 11:44:03.424] [main/INFO] [org.sinytra.connector.locator.DependencyResolver/]: Dependency resolution found 1 candidates to load
[27Jul2025 11:44:04.803] [main/INFO] [org.sinytra.connector.service.hacks.ModuleLayerMigrator/]: Successfully made module authlib transformable
[27Jul2025 11:44:06.417] [main/INFO] [mixin/]: Compatibility level set to JAVA_17
[27Jul2025 11:44:06.752] [main/INFO] [mixin/]: Successfully loaded Mixin Connector [com.sonicether.soundphysics.MixinConnector]
[27Jul2025 11:44:06.772] [main/INFO] [cpw.mods.modlauncher.LaunchServiceHandler/MODLAUNCHER]: Launching target 'forgeclient' with arguments [--version, 1.20.1, --gameDir, C:\Users\Леис\AppData\Roaming\PrismLauncher\instances\MineCivModpack\minecraft, --assetsDir, C:\Users\Леис\AppData\Roaming\PrismLauncher\assets, --uuid, 855f5815e548367798d125060d2f1312, --username, AnalDestroyer, --assetIndex, 5, --accessToken, ????????, --userType, offline, --versionType, release, --width, 854, --height, 480]
[27Jul2025 11:44:07.000] [main/INFO] [ModernFix/]: Loaded configuration file for ModernFix 5.24.3+mc1.20.1: 96 options available, 0 override(s) found
[27Jul2025 11:44:07.001] [main/INFO] [ModernFix/]: Applying Nashorn fix
[27Jul2025 11:44:07.024] [main/INFO] [ModernFix/]: Applied Forge config corruption patch
[27Jul2025 11:44:07.193] [main/INFO] [Embeddium/]: Loaded configuration file for Embeddium: 118 options available, 0 override(s) found
[27Jul2025 11:44:07.196] [main/INFO] [Embeddium-GraphicsAdapterProbe/]: Searching for graphics cards...
[27Jul2025 11:44:07.649] [main/INFO] [Embeddium-GraphicsAdapterProbe/]: Found graphics card: GraphicsAdapterInfo[vendor=INTEL, name=Intel(R) UHD Graphics 630, version=DriverVersion=26.20.100.6911]
[27Jul2025 11:44:07.649] [main/INFO] [Embeddium-GraphicsAdapterProbe/]: Found graphics card: GraphicsAdapterInfo[vendor=NVIDIA, name=NVIDIA GeForce GTX 1650, version=DriverVersion=32.0.15.7700]
[27Jul2025 11:44:07.660] [main/WARN] [Embeddium-Workarounds/]: Embeddium has applied one or more workarounds to prevent crashes or other issues on your system: [NVIDIA_THREADED_OPTIMIZATIONS]
[27Jul2025 11:44:07.660] [main/WARN] [Embeddium-Workarounds/]: This is not necessarily an issue, but it may result in certain features or optimizations being disabled. You can sometimes fix these issues by upgrading your graphics driver.
[27Jul2025 11:44:07.771] [main/INFO] [Canary/]: Loaded configuration file for Canary: 116 options available, 0 override(s) found
[27Jul2025 11:44:07.941] [main/WARN] [mixin/]: Reference map '' for adapter.init.mixins.json could not be read. If this is a development environment you can ignore this message
[27Jul2025 11:44:09.750] [main/WARN] [mixin/]: Error loading class: dev/emi/emi/screen/EmiScreenManager (java.lang.ClassNotFoundException: dev.emi.emi.screen.EmiScreenManager)
[27Jul2025 11:44:09.758] [main/WARN] [mixin/]: Error loading class: me/shedaniel/rei/impl/client/gui/ScreenOverlayImpl (java.lang.ClassNotFoundException: me.shedaniel.rei.impl.client.gui.ScreenOverlayImpl)
[27Jul2025 11:44:09.868] [main/WARN] [mixin/]: Error loading class: net/raphimc/immediatelyfast/feature/core/BatchableBufferSource (java.lang.ClassNotFoundException: net.raphimc.immediatelyfast.feature.core.BatchableBufferSource)
[27Jul2025 11:44:09.872] [main/WARN] [mixin/]: Error loading class: net/irisshaders/batchedentityrendering/impl/FullyBufferedMultiBufferSource (java.lang.ClassNotFoundException: net.irisshaders.batchedentityrendering.impl.FullyBufferedMultiBufferSource)
[27Jul2025 11:44:09.877] [main/WARN] [mixin/]: Error loading class: net/irisshaders/iris/layer/InnerWrappedRenderType (java.lang.ClassNotFoundException: net.irisshaders.iris.layer.InnerWrappedRenderType)
[27Jul2025 11:44:09.882] [main/WARN] [mixin/]: Error loading class: net/irisshaders/iris/layer/OuterWrappedRenderType (java.lang.ClassNotFoundException: net.irisshaders.iris.layer.OuterWrappedRenderType)
[27Jul2025 11:44:09.887] [main/WARN] [mixin/]: Error loading class: dev/tr7zw/skinlayers/render/CustomizableModelPart (java.lang.ClassNotFoundException: dev.tr7zw.skinlayers.render.CustomizableModelPart)
[27Jul2025 11:44:10.538] [main/WARN] [mixin/]: Error loading class: umpaz/brewinandchewin/common/block/entity/KegBlockEntity (java.lang.ClassNotFoundException: umpaz.brewinandchewin.common.block.entity.KegBlockEntity)
[27Jul2025 11:44:10.538] [main/WARN] [mixin/]: @Mixin target umpaz.brewinandchewin.common.block.entity.KegBlockEntity was not found thirst.mixin.json:accessors.brewinandchewin.KegBlockEntityAccessor from mod thirst
[27Jul2025 11:44:10.543] [main/WARN] [mixin/]: Error loading class: umpaz/brewinandchewin/common/block/entity/KegBlockEntity (java.lang.ClassNotFoundException: umpaz.brewinandchewin.common.block.entity.KegBlockEntity)
[27Jul2025 11:44:10.543] [main/WARN] [mixin/]: @Mixin target umpaz.brewinandchewin.common.block.entity.KegBlockEntity was not found thirst.mixin.json:brewinandchewin.MixinKegBlockEntity from mod thirst
[27Jul2025 11:44:10.551] [main/WARN] [mixin/]: Error loading class: umpaz/brewinandchewin/common/crafting/KegFermentingRecipe (java.lang.ClassNotFoundException: umpaz.brewinandchewin.common.crafting.KegFermentingRecipe)
[27Jul2025 11:44:10.551] [main/WARN] [mixin/]: @Mixin target umpaz.brewinandchewin.common.crafting.KegFermentingRecipe was not found thirst.mixin.json:brewinandchewin.MixinKegFermentingRecipe from mod thirst
[27Jul2025 11:44:10.557] [main/WARN] [mixin/]: Error loading class: com/simibubi/create/content/processing/basin/BasinRecipe (java.lang.ClassNotFoundException: com.simibubi.create.content.processing.basin.BasinRecipe)
[27Jul2025 11:44:10.557] [main/WARN] [mixin/]: @Mixin target com.simibubi.create.content.processing.basin.BasinRecipe was not found thirst.mixin.json:create.MixinBasinRecipe from mod thirst
[27Jul2025 11:44:10.566] [main/WARN] [mixin/]: Error loading class: com/simibubi/create/content/fluids/spout/FillingBySpout (java.lang.ClassNotFoundException: com.simibubi.create.content.fluids.spout.FillingBySpout)
[27Jul2025 11:44:10.566] [main/WARN] [mixin/]: @Mixin target com.simibubi.create.content.fluids.spout.FillingBySpout was not found thirst.mixin.json:create.MixinFillingBySpout from mod thirst
[27Jul2025 11:44:10.571] [main/WARN] [mixin/]: Error loading class: com/simibubi/create/content/fluids/transfer/FluidDrainingBehaviour (java.lang.ClassNotFoundException: com.simibubi.create.content.fluids.transfer.FluidDrainingBehaviour)
[27Jul2025 11:44:10.571] [main/WARN] [mixin/]: @Mixin target com.simibubi.create.content.fluids.transfer.FluidDrainingBehaviour was not found thirst.mixin.json:create.MixinFluidDrainingBehaviour from mod thirst
[27Jul2025 11:44:10.576] [main/WARN] [mixin/]: Error loading class: com/simibubi/create/content/fluids/transfer/GenericItemEmptying (java.lang.ClassNotFoundException: com.simibubi.create.content.fluids.transfer.GenericItemEmptying)
[27Jul2025 11:44:10.576] [main/WARN] [mixin/]: @Mixin target com.simibubi.create.content.fluids.transfer.GenericItemEmptying was not found thirst.mixin.json:create.MixinGenericItemEmptying from mod thirst
[27Jul2025 11:44:10.585] [main/WARN] [mixin/]: Error loading class: com/simibubi/create/content/fluids/transfer/GenericItemFilling (java.lang.ClassNotFoundException: com.simibubi.create.content.fluids.transfer.GenericItemFilling)
[27Jul2025 11:44:10.586] [main/WARN] [mixin/]: @Mixin target com.simibubi.create.content.fluids.transfer.GenericItemFilling was not found thirst.mixin.json:create.MixinGenericItemFilling from mod thirst
[27Jul2025 11:44:10.590] [main/WARN] [mixin/]: Error loading class: com/simibubi/create/api/equipment/goggles/IHaveGoggleInformation (java.lang.ClassNotFoundException: com.simibubi.create.api.equipment.goggles.IHaveGoggleInformation)
[27Jul2025 11:44:10.591] [main/WARN] [mixin/]: @Mixin target com.simibubi.create.api.equipment.goggles.IHaveGoggleInformation was not found thirst.mixin.json:create.MixinIHaveGoggleInformation from mod thirst
[27Jul2025 11:44:10.596] [main/WARN] [mixin/]: Error loading class: com/simibubi/create/content/fluids/OpenEndedPipe (java.lang.ClassNotFoundException: com.simibubi.create.content.fluids.OpenEndedPipe)
[27Jul2025 11:44:10.596] [main/WARN] [mixin/]: @Mixin target com.simibubi.create.content.fluids.OpenEndedPipe was not found thirst.mixin.json:create.MixinOpenEndedPipe from mod thirst
[27Jul2025 11:44:10.600] [main/WARN] [mixin/]: Error loading class: umpaz/farmersrespite/common/block/entity/KettleBlockEntity (java.lang.ClassNotFoundException: umpaz.farmersrespite.common.block.entity.KettleBlockEntity)
[27Jul2025 11:44:10.601] [main/WARN] [mixin/]: @Mixin target umpaz.farmersrespite.common.block.entity.KettleBlockEntity was not found thirst.mixin.json:farmersrespite.MixinKettleBlockEntity from mod thirst
[27Jul2025 11:44:10.605] [main/WARN] [mixin/]: Error loading class: snownee/jade/api/view/FluidView (java.lang.ClassNotFoundException: snownee.jade.api.view.FluidView)
[27Jul2025 11:44:10.605] [main/WARN] [mixin/]: @Mixin target snownee.jade.api.view.FluidView was not found thirst.mixin.json:jade.MixinFluidView from mod thirst
[27Jul2025 11:44:10.616] [main/WARN] [mixin/]: Error loading class: toughasnails/item/EmptyCanteenItem (java.lang.ClassNotFoundException: toughasnails.item.EmptyCanteenItem)
[27Jul2025 11:44:10.616] [main/WARN] [mixin/]: @Mixin target toughasnails.item.EmptyCanteenItem was not found thirst.mixin.json:toughasnails.MixinEmptyCanteenItem from mod thirst
[27Jul2025 11:44:10.622] [main/WARN] [mixin/]: Error loading class: toughasnails/config/ThirstConfig (java.lang.ClassNotFoundException: toughasnails.config.ThirstConfig)
[27Jul2025 11:44:10.623] [main/WARN] [mixin/]: @Mixin target toughasnails.config.ThirstConfig was not found thirst.mixin.json:toughasnails.MixinServerConfig from mod thirst
[27Jul2025 11:44:10.630] [main/WARN] [mixin/]: Error loading class: toughasnails/thirst/ThirstHandler (java.lang.ClassNotFoundException: toughasnails.thirst.ThirstHandler)
[27Jul2025 11:44:10.630] [main/WARN] [mixin/]: @Mixin target toughasnails.thirst.ThirstHandler was not found thirst.mixin.json:toughasnails.MixinThirstHandler from mod thirst
[27Jul2025 11:44:10.635] [main/WARN] [mixin/]: Error loading class: toughasnails/thirst/ThirstHelperImpl (java.lang.ClassNotFoundException: toughasnails.thirst.ThirstHelperImpl)
[27Jul2025 11:44:10.635] [main/WARN] [mixin/]: @Mixin target toughasnails.thirst.ThirstHelperImpl was not found thirst.mixin.json:toughasnails.MixinThirstHelperImpl from mod thirst
[27Jul2025 11:44:10.640] [main/WARN] [mixin/]: Error loading class: vazkii/botania/forge/xplat/ForgeXplatImpl (java.lang.ClassNotFoundException: vazkii.botania.forge.xplat.ForgeXplatImpl)
[27Jul2025 11:44:10.640] [main/WARN] [mixin/]: @Mixin target vazkii.botania.forge.xplat.ForgeXplatImpl was not found thirst.mixin.json:botania.MixinForgeXplatImpl from mod thirst
[27Jul2025 11:44:10.660] [main/WARN] [mixin/]: Error loading class: umpaz/farmersrespite/client/gui/KettleScreen (java.lang.ClassNotFoundException: umpaz.farmersrespite.client.gui.KettleScreen)
[27Jul2025 11:44:10.660] [main/WARN] [mixin/]: @Mixin target umpaz.farmersrespite.client.gui.KettleScreen was not found thirst.mixin.json:farmersrespite.MixinKettleScreen from mod thirst
[27Jul2025 11:44:10.665] [main/WARN] [mixin/]: Error loading class: toughasnails/client/handler/TooltipHandler (java.lang.ClassNotFoundException: toughasnails.client.handler.TooltipHandler)
[27Jul2025 11:44:10.666] [main/WARN] [mixin/]: @Mixin target toughasnails.client.handler.TooltipHandler was not found thirst.mixin.json:toughasnails.MixinTooltipHandler from mod thirst
[27Jul2025 11:44:11.267] [main/WARN] [mixin/]: Error loading class: com/mrbysco/spoiled/config/SpoiledConfigCache (java.lang.ClassNotFoundException: com.mrbysco.spoiled.config.SpoiledConfigCache)
[27Jul2025 11:44:11.268] [main/WARN] [mixin/]: @Mixin target com.mrbysco.spoiled.config.SpoiledConfigCache was not found cold_sweat.mixin.json:compat.MixinSpoiledIcebox$ContainerModifier from mod cold_sweat
